

============================== 2023-03-03 23:34:52.045196 | 719d3476-67ec-4b6a-9f9e-6a0827ba1d73 ==============================
[0m23:34:52.045208 [info ] [MainThread]: Running with dbt=1.2.5
[0m23:34:52.045556 [debug] [MainThread]: running dbt with arguments {'write_json': True, 'use_colors': True, 'printer_width': 80, 'version_check': True, 'partial_parse': True, 'static_parser': True, 'profiles_dir': '/Users/nataliecrow/.dbt', 'send_anonymous_usage_stats': True, 'event_buffer_size': 100000, 'quiet': False, 'no_print': False, 'cache_selected_only': False, 'skip_profile_setup': False, 'which': 'init', 'indirect_selection': 'eager'}
[0m23:34:52.045712 [debug] [MainThread]: Tracking: tracking
[0m23:34:52.059456 [debug] [MainThread]: Sending event: {'category': 'dbt', 'action': 'invocation', 'label': 'start', 'context': [<snowplow_tracker.self_describing_json.SelfDescribingJson object at 0x7fe71827baf0>, <snowplow_tracker.self_describing_json.SelfDescribingJson object at 0x7fe71827b850>, <snowplow_tracker.self_describing_json.SelfDescribingJson object at 0x7fe71827ba90>]}
[0m23:35:17.261598 [debug] [MainThread]: Starter project path: /usr/local/Caskroom/miniconda/base/lib/python3.10/site-packages/dbt/include/starter_project
[0m23:39:39.121030 [info ] [MainThread]: Profile airbnb_dbt written to /Users/nataliecrow/.dbt/profiles.yml using target's profile_template.yml and your supplied values. Run 'dbt debug' to validate the connection.
[0m23:39:39.121510 [info ] [MainThread]: 
Your new dbt project "airbnb_dbt" was created!

For more information on how to configure the profiles.yml file,
please consult the dbt documentation here:

  https://docs.getdbt.com/docs/configure-your-profile

One more thing:

Need help? Don't hesitate to reach out to us via GitHub issues or on Slack:

  https://community.getdbt.com/

Happy modeling!

[0m23:39:39.121986 [debug] [MainThread]: Sending event: {'category': 'dbt', 'action': 'invocation', 'label': 'end', 'context': [<snowplow_tracker.self_describing_json.SelfDescribingJson object at 0x7fe718242980>, <snowplow_tracker.self_describing_json.SelfDescribingJson object at 0x7fe718242e90>, <snowplow_tracker.self_describing_json.SelfDescribingJson object at 0x7fe718242e00>]}
[0m23:39:39.122437 [debug] [MainThread]: Flushing usage events


============================== 2023-03-03 23:51:07.018090 | a39e2b42-bcaa-4683-bf96-1575dd20b4ea ==============================
[0m23:51:07.018099 [info ] [MainThread]: Running with dbt=1.2.5
[0m23:51:07.018412 [debug] [MainThread]: running dbt with arguments {'write_json': True, 'use_colors': True, 'printer_width': 80, 'version_check': True, 'partial_parse': True, 'static_parser': True, 'profiles_dir': '/Users/nataliecrow/.dbt', 'send_anonymous_usage_stats': True, 'event_buffer_size': 100000, 'quiet': False, 'no_print': False, 'cache_selected_only': False, 'config_dir': False, 'which': 'debug', 'indirect_selection': 'eager'}
[0m23:51:07.018552 [debug] [MainThread]: Tracking: tracking
[0m23:51:07.029937 [debug] [MainThread]: Sending event: {'category': 'dbt', 'action': 'invocation', 'label': 'start', 'context': [<snowplow_tracker.self_describing_json.SelfDescribingJson object at 0x7fa23900beb0>, <snowplow_tracker.self_describing_json.SelfDescribingJson object at 0x7fa23900b400>, <snowplow_tracker.self_describing_json.SelfDescribingJson object at 0x7fa239009f00>]}
[0m23:51:07.031466 [debug] [MainThread]: Executing "git --help"
[0m23:51:07.039258 [debug] [MainThread]: STDOUT: "b"usage: git [-v | --version] [-h | --help] [-C <path>] [-c <name>=<value>]\n           [--exec-path[=<path>]] [--html-path] [--man-path] [--info-path]\n           [-p | --paginate | -P | --no-pager] [--no-replace-objects] [--bare]\n           [--git-dir=<path>] [--work-tree=<path>] [--namespace=<name>]\n           [--super-prefix=<path>] [--config-env=<name>=<envvar>]\n           <command> [<args>]\n\nThese are common Git commands used in various situations:\n\nstart a working area (see also: git help tutorial)\n   clone     Clone a repository into a new directory\n   init      Create an empty Git repository or reinitialize an existing one\n\nwork on the current change (see also: git help everyday)\n   add       Add file contents to the index\n   mv        Move or rename a file, a directory, or a symlink\n   restore   Restore working tree files\n   rm        Remove files from the working tree and from the index\n\nexamine the history and state (see also: git help revisions)\n   bisect    Use binary search to find the commit that introduced a bug\n   diff      Show changes between commits, commit and working tree, etc\n   grep      Print lines matching a pattern\n   log       Show commit logs\n   show      Show various types of objects\n   status    Show the working tree status\n\ngrow, mark and tweak your common history\n   branch    List, create, or delete branches\n   commit    Record changes to the repository\n   merge     Join two or more development histories together\n   rebase    Reapply commits on top of another base tip\n   reset     Reset current HEAD to the specified state\n   switch    Switch branches\n   tag       Create, list, delete or verify a tag object signed with GPG\n\ncollaborate (see also: git help workflows)\n   fetch     Download objects and refs from another repository\n   pull      Fetch from and integrate with another repository or a local branch\n   push      Update remote refs along with associated objects\n\n'git help -a' and 'git help -g' list available subcommands and some\nconcept guides. See 'git help <command>' or 'git help <concept>'\nto read about a specific subcommand or concept.\nSee 'git help git' for an overview of the system.\n""
[0m23:51:07.039681 [debug] [MainThread]: STDERR: "b''"
[0m23:51:07.040081 [debug] [MainThread]: Sending event: {'category': 'dbt', 'action': 'invocation', 'label': 'end', 'context': [<snowplow_tracker.self_describing_json.SelfDescribingJson object at 0x7fa23900beb0>, <snowplow_tracker.self_describing_json.SelfDescribingJson object at 0x7fa23900b6a0>, <snowplow_tracker.self_describing_json.SelfDescribingJson object at 0x7fa23900ba30>]}
[0m23:51:07.040429 [debug] [MainThread]: Flushing usage events
